<?xml version="1.0" encoding="UTF-8"?>
<!-- Generated by org.testng.reporters.JUnitReportReporter -->
<testsuite skipped="0" hostname="DESKTOP-AQFB0ON" name="endToEndBigBasketFlow.EndToEndBigBasketFlow.BigBasketTest" tests="1" failures="0" timestamp="2020-04-27T20:18:41 IST" time="170.372" errors="0">
  <testcase name="productDetailsConfirmation" time="170.372" classname="endToEndBigBasketFlow.EndToEndBigBasketFlow.BigBasketTest"/>
  <system-out/>
</testsuite> <!-- endToEndBigBasketFlow.EndToEndBigBasketFlow.BigBasketTest -->
